This is pdfTeX, Version 3.14159265-2.6-1.40.17 (TeX Live 2016/Debian) (preloaded format=pdflatex 2017.10.24)  15 DEC 2017 17:17
entering extended mode
 restricted \write18 enabled.
 %&-line parsing enabled.
**manuscript_essd.tex
(./manuscript_essd.tex
LaTeX2e <2017/01/01> patch level 3
Babel <3.9r> and hyphenation patterns for 30 language(s) loaded.
(./copernicus.cls
Document Class: copernicus 2017/06/21 8.45 Copernicus papers
(/usr/share/texlive/texmf-dist/tex/latex/base/fixltx2e.sty
Package: fixltx2e 2016/12/29 v2.1a fixes to LaTeX (obsolete)
Applying: [2015/01/01] Old fixltx2e package on input line 46.


Package fixltx2e Warning: fixltx2e is not required with releases after 2015
(fixltx2e)                All fixes are now in the LaTeX kernel.
(fixltx2e)                See the latexrelease package for details.

Already applied: [0000/00/00] Old fixltx2e package on input line 53.
)
Additional configuration file copernicus.cfg used
(./copernicus.cfg) (/usr/share/texlive/texmf-dist/tex/latex/base/article.cls
Document Class: article 2014/09/29 v1.4h Standard LaTeX document class
(/usr/share/texlive/texmf-dist/tex/latex/base/fleqn.clo
File: fleqn.clo 2016/12/29 v1.2a Standard LaTeX option (flush left equations)
\mathindent=\dimen102
Applying: [2015/01/01] Make \[ robust on input line 50.
LaTeX Info: Redefining \[ on input line 51.
Already applied: [0000/00/00] Make \[ robust on input line 62.
Applying: [2015/01/01] Make \] robust on input line 74.
LaTeX Info: Redefining \] on input line 75.
Already applied: [0000/00/00] Make \] robust on input line 83.
)
(/usr/share/texlive/texmf-dist/tex/latex/base/size10.clo
File: size10.clo 2014/09/29 v1.4h Standard LaTeX file (size option)
)
\c@part=\count79
\c@section=\count80
\c@subsection=\count81
\c@subsubsection=\count82
\c@paragraph=\count83
\c@subparagraph=\count84
\c@figure=\count85
\c@table=\count86
\abovecaptionskip=\skip41
\belowcaptionskip=\skip42
\bibindent=\dimen103
)
\bleed=\dimen104
\longtwo@top=\skip43
\longtwo@bottom=\skip44
\longtwo@box=\box26

(/usr/share/texlive/texmf-dist/tex/latex/base/fontenc.sty
Package: fontenc 2017/02/22 v2.0g Standard LaTeX package

(/usr/share/texlive/texmf-dist/tex/latex/base/t1enc.def
File: t1enc.def 2017/02/22 v2.0g Standard LaTeX file
LaTeX Font Info:    Redeclaring font encoding T1 on input line 48.
))
(/usr/share/texlive/texmf-dist/tex/latex/base/textcomp.sty
Package: textcomp 2017/02/22 v2.0g Standard LaTeX package
Package textcomp Info: Sub-encoding information:
(textcomp)               5 = only ISO-Adobe without \textcurrency
(textcomp)               4 = 5 + \texteuro
(textcomp)               3 = 4 + \textohm
(textcomp)               2 = 3 + \textestimated + \textcurrency
(textcomp)               1 = TS1 - \textcircled - \t
(textcomp)               0 = TS1 (full)
(textcomp)             Font families with sub-encoding setting implement
(textcomp)             only a restricted character set as indicated.
(textcomp)             Family '?' is the default used for unknown fonts.
(textcomp)             See the documentation for details.
Package textcomp Info: Setting ? sub-encoding to TS1/1 on input line 79.

(/usr/share/texlive/texmf-dist/tex/latex/base/ts1enc.def
File: ts1enc.def 2001/06/05 v3.0e (jk/car/fm) Standard LaTeX file
)
LaTeX Info: Redefining \oldstylenums on input line 334.
Package textcomp Info: Setting cmr sub-encoding to TS1/0 on input line 349.
Package textcomp Info: Setting cmss sub-encoding to TS1/0 on input line 350.
Package textcomp Info: Setting cmtt sub-encoding to TS1/0 on input line 351.
Package textcomp Info: Setting cmvtt sub-encoding to TS1/0 on input line 352.
Package textcomp Info: Setting cmbr sub-encoding to TS1/0 on input line 353.
Package textcomp Info: Setting cmtl sub-encoding to TS1/0 on input line 354.
Package textcomp Info: Setting ccr sub-encoding to TS1/0 on input line 355.
Package textcomp Info: Setting ptm sub-encoding to TS1/4 on input line 356.
Package textcomp Info: Setting pcr sub-encoding to TS1/4 on input line 357.
Package textcomp Info: Setting phv sub-encoding to TS1/4 on input line 358.
Package textcomp Info: Setting ppl sub-encoding to TS1/3 on input line 359.
Package textcomp Info: Setting pag sub-encoding to TS1/4 on input line 360.
Package textcomp Info: Setting pbk sub-encoding to TS1/4 on input line 361.
Package textcomp Info: Setting pnc sub-encoding to TS1/4 on input line 362.
Package textcomp Info: Setting pzc sub-encoding to TS1/4 on input line 363.
Package textcomp Info: Setting bch sub-encoding to TS1/4 on input line 364.
Package textcomp Info: Setting put sub-encoding to TS1/5 on input line 365.
Package textcomp Info: Setting uag sub-encoding to TS1/5 on input line 366.
Package textcomp Info: Setting ugq sub-encoding to TS1/5 on input line 367.
Package textcomp Info: Setting ul8 sub-encoding to TS1/4 on input line 368.
Package textcomp Info: Setting ul9 sub-encoding to TS1/4 on input line 369.
Package textcomp Info: Setting augie sub-encoding to TS1/5 on input line 370.
Package textcomp Info: Setting dayrom sub-encoding to TS1/3 on input line 371.
Package textcomp Info: Setting dayroms sub-encoding to TS1/3 on input line 372.

Package textcomp Info: Setting pxr sub-encoding to TS1/0 on input line 373.
Package textcomp Info: Setting pxss sub-encoding to TS1/0 on input line 374.
Package textcomp Info: Setting pxtt sub-encoding to TS1/0 on input line 375.
Package textcomp Info: Setting txr sub-encoding to TS1/0 on input line 376.
Package textcomp Info: Setting txss sub-encoding to TS1/0 on input line 377.
Package textcomp Info: Setting txtt sub-encoding to TS1/0 on input line 378.
Package textcomp Info: Setting lmr sub-encoding to TS1/0 on input line 379.
Package textcomp Info: Setting lmdh sub-encoding to TS1/0 on input line 380.
Package textcomp Info: Setting lmss sub-encoding to TS1/0 on input line 381.
Package textcomp Info: Setting lmssq sub-encoding to TS1/0 on input line 382.
Package textcomp Info: Setting lmvtt sub-encoding to TS1/0 on input line 383.
Package textcomp Info: Setting lmtt sub-encoding to TS1/0 on input line 384.
Package textcomp Info: Setting qhv sub-encoding to TS1/0 on input line 385.
Package textcomp Info: Setting qag sub-encoding to TS1/0 on input line 386.
Package textcomp Info: Setting qbk sub-encoding to TS1/0 on input line 387.
Package textcomp Info: Setting qcr sub-encoding to TS1/0 on input line 388.
Package textcomp Info: Setting qcs sub-encoding to TS1/0 on input line 389.
Package textcomp Info: Setting qpl sub-encoding to TS1/0 on input line 390.
Package textcomp Info: Setting qtm sub-encoding to TS1/0 on input line 391.
Package textcomp Info: Setting qzc sub-encoding to TS1/0 on input line 392.
Package textcomp Info: Setting qhvc sub-encoding to TS1/0 on input line 393.
Package textcomp Info: Setting futs sub-encoding to TS1/4 on input line 394.
Package textcomp Info: Setting futx sub-encoding to TS1/4 on input line 395.
Package textcomp Info: Setting futj sub-encoding to TS1/4 on input line 396.
Package textcomp Info: Setting hlh sub-encoding to TS1/3 on input line 397.
Package textcomp Info: Setting hls sub-encoding to TS1/3 on input line 398.
Package textcomp Info: Setting hlst sub-encoding to TS1/3 on input line 399.
Package textcomp Info: Setting hlct sub-encoding to TS1/5 on input line 400.
Package textcomp Info: Setting hlx sub-encoding to TS1/5 on input line 401.
Package textcomp Info: Setting hlce sub-encoding to TS1/5 on input line 402.
Package textcomp Info: Setting hlcn sub-encoding to TS1/5 on input line 403.
Package textcomp Info: Setting hlcw sub-encoding to TS1/5 on input line 404.
Package textcomp Info: Setting hlcf sub-encoding to TS1/5 on input line 405.
Package textcomp Info: Setting pplx sub-encoding to TS1/3 on input line 406.
Package textcomp Info: Setting pplj sub-encoding to TS1/3 on input line 407.
Package textcomp Info: Setting ptmx sub-encoding to TS1/4 on input line 408.
Package textcomp Info: Setting ptmj sub-encoding to TS1/4 on input line 409.
)
(/usr/share/texlive/texmf-dist/tex/latex/base/inputenc.sty
Package: inputenc 2015/03/17 v1.2c Input encoding file
\inpenc@prehook=\toks14
\inpenc@posthook=\toks15

(/usr/share/texlive/texmf-dist/tex/latex/base/utf8.def
File: utf8.def 2017/01/28 v1.1t UTF-8 support for inputenc
Now handling font encoding OML ...
... no UTF-8 mapping file for font encoding OML
Now handling font encoding T1 ...
... processing UTF-8 mapping file for font encoding T1

(/usr/share/texlive/texmf-dist/tex/latex/base/t1enc.dfu
File: t1enc.dfu 2017/01/28 v1.1t UTF-8 support for inputenc
   defining Unicode char U+00A0 (decimal 160)
   defining Unicode char U+00A1 (decimal 161)
   defining Unicode char U+00A3 (decimal 163)
   defining Unicode char U+00AB (decimal 171)
   defining Unicode char U+00AD (decimal 173)
   defining Unicode char U+00BB (decimal 187)
   defining Unicode char U+00BF (decimal 191)
   defining Unicode char U+00C0 (decimal 192)
   defining Unicode char U+00C1 (decimal 193)
   defining Unicode char U+00C2 (decimal 194)
   defining Unicode char U+00C3 (decimal 195)
   defining Unicode char U+00C4 (decimal 196)
   defining Unicode char U+00C5 (decimal 197)
   defining Unicode char U+00C6 (decimal 198)
   defining Unicode char U+00C7 (decimal 199)
   defining Unicode char U+00C8 (decimal 200)
   defining Unicode char U+00C9 (decimal 201)
   defining Unicode char U+00CA (decimal 202)
   defining Unicode char U+00CB (decimal 203)
   defining Unicode char U+00CC (decimal 204)
   defining Unicode char U+00CD (decimal 205)
   defining Unicode char U+00CE (decimal 206)
   defining Unicode char U+00CF (decimal 207)
   defining Unicode char U+00D0 (decimal 208)
   defining Unicode char U+00D1 (decimal 209)
   defining Unicode char U+00D2 (decimal 210)
   defining Unicode char U+00D3 (decimal 211)
   defining Unicode char U+00D4 (decimal 212)
   defining Unicode char U+00D5 (decimal 213)
   defining Unicode char U+00D6 (decimal 214)
   defining Unicode char U+00D8 (decimal 216)
   defining Unicode char U+00D9 (decimal 217)
   defining Unicode char U+00DA (decimal 218)
   defining Unicode char U+00DB (decimal 219)
   defining Unicode char U+00DC (decimal 220)
   defining Unicode char U+00DD (decimal 221)
   defining Unicode char U+00DE (decimal 222)
   defining Unicode char U+00DF (decimal 223)
   defining Unicode char U+00E0 (decimal 224)
   defining Unicode char U+00E1 (decimal 225)
   defining Unicode char U+00E2 (decimal 226)
   defining Unicode char U+00E3 (decimal 227)
   defining Unicode char U+00E4 (decimal 228)
   defining Unicode char U+00E5 (decimal 229)
   defining Unicode char U+00E6 (decimal 230)
   defining Unicode char U+00E7 (decimal 231)
   defining Unicode char U+00E8 (decimal 232)
   defining Unicode char U+00E9 (decimal 233)
   defining Unicode char U+00EA (decimal 234)
   defining Unicode char U+00EB (decimal 235)
   defining Unicode char U+00EC (decimal 236)
   defining Unicode char U+00ED (decimal 237)
   defining Unicode char U+00EE (decimal 238)
   defining Unicode char U+00EF (decimal 239)
   defining Unicode char U+00F0 (decimal 240)
   defining Unicode char U+00F1 (decimal 241)
   defining Unicode char U+00F2 (decimal 242)
   defining Unicode char U+00F3 (decimal 243)
   defining Unicode char U+00F4 (decimal 244)
   defining Unicode char U+00F5 (decimal 245)
   defining Unicode char U+00F6 (decimal 246)
   defining Unicode char U+00F8 (decimal 248)
   defining Unicode char U+00F9 (decimal 249)
   defining Unicode char U+00FA (decimal 250)
   defining Unicode char U+00FB (decimal 251)
   defining Unicode char U+00FC (decimal 252)
   defining Unicode char U+00FD (decimal 253)
   defining Unicode char U+00FE (decimal 254)
   defining Unicode char U+00FF (decimal 255)
   defining Unicode char U+0100 (decimal 256)
   defining Unicode char U+0101 (decimal 257)
   defining Unicode char U+0102 (decimal 258)
   defining Unicode char U+0103 (decimal 259)
   defining Unicode char U+0104 (decimal 260)
   defining Unicode char U+0105 (decimal 261)
   defining Unicode char U+0106 (decimal 262)
   defining Unicode char U+0107 (decimal 263)
   defining Unicode char U+0108 (decimal 264)
   defining Unicode char U+0109 (decimal 265)
   defining Unicode char U+010A (decimal 266)
   defining Unicode char U+010B (decimal 267)
   defining Unicode char U+010C (decimal 268)
   defining Unicode char U+010D (decimal 269)
   defining Unicode char U+010E (decimal 270)
   defining Unicode char U+010F (decimal 271)
   defining Unicode char U+0110 (decimal 272)
   defining Unicode char U+0111 (decimal 273)
   defining Unicode char U+0112 (decimal 274)
   defining Unicode char U+0113 (decimal 275)
   defining Unicode char U+0114 (decimal 276)
   defining Unicode char U+0115 (decimal 277)
   defining Unicode char U+0116 (decimal 278)
   defining Unicode char U+0117 (decimal 279)
   defining Unicode char U+0118 (decimal 280)
   defining Unicode char U+0119 (decimal 281)
   defining Unicode char U+011A (decimal 282)
   defining Unicode char U+011B (decimal 283)
   defining Unicode char U+011C (decimal 284)
   defining Unicode char U+011D (decimal 285)
   defining Unicode char U+011E (decimal 286)
   defining Unicode char U+011F (decimal 287)
   defining Unicode char U+0120 (decimal 288)
   defining Unicode char U+0121 (decimal 289)
   defining Unicode char U+0122 (decimal 290)
   defining Unicode char U+0123 (decimal 291)
   defining Unicode char U+0124 (decimal 292)
   defining Unicode char U+0125 (decimal 293)
   defining Unicode char U+0128 (decimal 296)
   defining Unicode char U+0129 (decimal 297)
   defining Unicode char U+012A (decimal 298)
   defining Unicode char U+012B (decimal 299)
   defining Unicode char U+012C (decimal 300)
   defining Unicode char U+012D (decimal 301)
   defining Unicode char U+012E (decimal 302)
   defining Unicode char U+012F (decimal 303)
   defining Unicode char U+0130 (decimal 304)
   defining Unicode char U+0131 (decimal 305)
   defining Unicode char U+0132 (decimal 306)
   defining Unicode char U+0133 (decimal 307)
   defining Unicode char U+0134 (decimal 308)
   defining Unicode char U+0135 (decimal 309)
   defining Unicode char U+0136 (decimal 310)
   defining Unicode char U+0137 (decimal 311)
   defining Unicode char U+0139 (decimal 313)
   defining Unicode char U+013A (decimal 314)
   defining Unicode char U+013B (decimal 315)
   defining Unicode char U+013C (decimal 316)
   defining Unicode char U+013D (decimal 317)
   defining Unicode char U+013E (decimal 318)
   defining Unicode char U+0141 (decimal 321)
   defining Unicode char U+0142 (decimal 322)
   defining Unicode char U+0143 (decimal 323)
   defining Unicode char U+0144 (decimal 324)
   defining Unicode char U+0145 (decimal 325)
   defining Unicode char U+0146 (decimal 326)
   defining Unicode char U+0147 (decimal 327)
   defining Unicode char U+0148 (decimal 328)
   defining Unicode char U+014A (decimal 330)
   defining Unicode char U+014B (decimal 331)
   defining Unicode char U+014C (decimal 332)
   defining Unicode char U+014D (decimal 333)
   defining Unicode char U+014E (decimal 334)
   defining Unicode char U+014F (decimal 335)
   defining Unicode char U+0150 (decimal 336)
   defining Unicode char U+0151 (decimal 337)
   defining Unicode char U+0152 (decimal 338)
   defining Unicode char U+0153 (decimal 339)
   defining Unicode char U+0154 (decimal 340)
   defining Unicode char U+0155 (decimal 341)
   defining Unicode char U+0156 (decimal 342)
   defining Unicode char U+0157 (decimal 343)
   defining Unicode char U+0158 (decimal 344)
   defining Unicode char U+0159 (decimal 345)
   defining Unicode char U+015A (decimal 346)
   defining Unicode char U+015B (decimal 347)
   defining Unicode char U+015C (decimal 348)
   defining Unicode char U+015D (decimal 349)
   defining Unicode char U+015E (decimal 350)
   defining Unicode char U+015F (decimal 351)
   defining Unicode char U+0160 (decimal 352)
   defining Unicode char U+0161 (decimal 353)
   defining Unicode char U+0162 (decimal 354)
   defining Unicode char U+0163 (decimal 355)
   defining Unicode char U+0164 (decimal 356)
   defining Unicode char U+0165 (decimal 357)
   defining Unicode char U+0168 (decimal 360)
   defining Unicode char U+0169 (decimal 361)
   defining Unicode char U+016A (decimal 362)
   defining Unicode char U+016B (decimal 363)
   defining Unicode char U+016C (decimal 364)
   defining Unicode char U+016D (decimal 365)
   defining Unicode char U+016E (decimal 366)
   defining Unicode char U+016F (decimal 367)
   defining Unicode char U+0170 (decimal 368)
   defining Unicode char U+0171 (decimal 369)
   defining Unicode char U+0172 (decimal 370)
   defining Unicode char U+0173 (decimal 371)
   defining Unicode char U+0174 (decimal 372)
   defining Unicode char U+0175 (decimal 373)
   defining Unicode char U+0176 (decimal 374)
   defining Unicode char U+0177 (decimal 375)
   defining Unicode char U+0178 (decimal 376)
   defining Unicode char U+0179 (decimal 377)
   defining Unicode char U+017A (decimal 378)
   defining Unicode char U+017B (decimal 379)
   defining Unicode char U+017C (decimal 380)
   defining Unicode char U+017D (decimal 381)
   defining Unicode char U+017E (decimal 382)
   defining Unicode char U+01CD (decimal 461)
   defining Unicode char U+01CE (decimal 462)
   defining Unicode char U+01CF (decimal 463)
   defining Unicode char U+01D0 (decimal 464)
   defining Unicode char U+01D1 (decimal 465)
   defining Unicode char U+01D2 (decimal 466)
   defining Unicode char U+01D3 (decimal 467)
   defining Unicode char U+01D4 (decimal 468)
   defining Unicode char U+01E2 (decimal 482)
   defining Unicode char U+01E3 (decimal 483)
   defining Unicode char U+01E6 (decimal 486)
   defining Unicode char U+01E7 (decimal 487)
   defining Unicode char U+01E8 (decimal 488)
   defining Unicode char U+01E9 (decimal 489)
   defining Unicode char U+01EA (decimal 490)
   defining Unicode char U+01EB (decimal 491)
   defining Unicode char U+01F0 (decimal 496)
   defining Unicode char U+01F4 (decimal 500)
   defining Unicode char U+01F5 (decimal 501)
   defining Unicode char U+0218 (decimal 536)
   defining Unicode char U+0219 (decimal 537)
   defining Unicode char U+021A (decimal 538)
   defining Unicode char U+021B (decimal 539)
   defining Unicode char U+0232 (decimal 562)
   defining Unicode char U+0233 (decimal 563)
   defining Unicode char U+1E02 (decimal 7682)
   defining Unicode char U+1E03 (decimal 7683)
   defining Unicode char U+200C (decimal 8204)
   defining Unicode char U+2010 (decimal 8208)
   defining Unicode char U+2011 (decimal 8209)
   defining Unicode char U+2012 (decimal 8210)
   defining Unicode char U+2013 (decimal 8211)
   defining Unicode char U+2014 (decimal 8212)
   defining Unicode char U+2015 (decimal 8213)
   defining Unicode char U+2018 (decimal 8216)
   defining Unicode char U+2019 (decimal 8217)
   defining Unicode char U+201A (decimal 8218)
   defining Unicode char U+201C (decimal 8220)
   defining Unicode char U+201D (decimal 8221)
   defining Unicode char U+201E (decimal 8222)
   defining Unicode char U+2030 (decimal 8240)
   defining Unicode char U+2031 (decimal 8241)
   defining Unicode char U+2039 (decimal 8249)
   defining Unicode char U+203A (decimal 8250)
   defining Unicode char U+2423 (decimal 9251)
   defining Unicode char U+1E20 (decimal 7712)
   defining Unicode char U+1E21 (decimal 7713)
)
Now handling font encoding OT1 ...
... processing UTF-8 mapping file for font encoding OT1

(/usr/share/texlive/texmf-dist/tex/latex/base/ot1enc.dfu
File: ot1enc.dfu 2017/01/28 v1.1t UTF-8 support for inputenc
   defining Unicode char U+00A0 (decimal 160)
   defining Unicode char U+00A1 (decimal 161)
   defining Unicode char U+00A3 (decimal 163)
   defining Unicode char U+00AD (decimal 173)
   defining Unicode char U+00B8 (decimal 184)
   defining Unicode char U+00BF (decimal 191)
   defining Unicode char U+00C5 (decimal 197)
   defining Unicode char U+00C6 (decimal 198)
   defining Unicode char U+00D8 (decimal 216)
   defining Unicode char U+00DF (decimal 223)
   defining Unicode char U+00E6 (decimal 230)
   defining Unicode char U+00EC (decimal 236)
   defining Unicode char U+00ED (decimal 237)
   defining Unicode char U+00EE (decimal 238)
   defining Unicode char U+00EF (decimal 239)
   defining Unicode char U+00F8 (decimal 248)
   defining Unicode char U+0131 (decimal 305)
   defining Unicode char U+0141 (decimal 321)
   defining Unicode char U+0142 (decimal 322)
   defining Unicode char U+0152 (decimal 338)
   defining Unicode char U+0153 (decimal 339)
   defining Unicode char U+0174 (decimal 372)
   defining Unicode char U+0175 (decimal 373)
   defining Unicode char U+0176 (decimal 374)
   defining Unicode char U+0177 (decimal 375)
   defining Unicode char U+0218 (decimal 536)
   defining Unicode char U+0219 (decimal 537)
   defining Unicode char U+021A (decimal 538)
   defining Unicode char U+021B (decimal 539)
   defining Unicode char U+2013 (decimal 8211)
   defining Unicode char U+2014 (decimal 8212)
   defining Unicode char U+2018 (decimal 8216)
   defining Unicode char U+2019 (decimal 8217)
   defining Unicode char U+201C (decimal 8220)
   defining Unicode char U+201D (decimal 8221)
)
Now handling font encoding OMS ...
... processing UTF-8 mapping file for font encoding OMS

(/usr/share/texlive/texmf-dist/tex/latex/base/omsenc.dfu
File: omsenc.dfu 2017/01/28 v1.1t UTF-8 support for inputenc
   defining Unicode char U+00A7 (decimal 167)
   defining Unicode char U+00B6 (decimal 182)
   defining Unicode char U+00B7 (decimal 183)
   defining Unicode char U+2020 (decimal 8224)
   defining Unicode char U+2021 (decimal 8225)
   defining Unicode char U+2022 (decimal 8226)
)
Now handling font encoding OMX ...
... no UTF-8 mapping file for font encoding OMX
Now handling font encoding U ...
... no UTF-8 mapping file for font encoding U
Now handling font encoding TS1 ...
... processing UTF-8 mapping file for font encoding TS1

(/usr/share/texlive/texmf-dist/tex/latex/base/ts1enc.dfu
File: ts1enc.dfu 2017/01/28 v1.1t UTF-8 support for inputenc
   defining Unicode char U+00A2 (decimal 162)
   defining Unicode char U+00A3 (decimal 163)
   defining Unicode char U+00A4 (decimal 164)
   defining Unicode char U+00A5 (decimal 165)
   defining Unicode char U+00A6 (decimal 166)
   defining Unicode char U+00A7 (decimal 167)
   defining Unicode char U+00A8 (decimal 168)
   defining Unicode char U+00A9 (decimal 169)
   defining Unicode char U+00AA (decimal 170)
   defining Unicode char U+00AC (decimal 172)
   defining Unicode char U+00AE (decimal 174)
   defining Unicode char U+00AF (decimal 175)
   defining Unicode char U+00B0 (decimal 176)
   defining Unicode char U+00B1 (decimal 177)
   defining Unicode char U+00B2 (decimal 178)
   defining Unicode char U+00B3 (decimal 179)
   defining Unicode char U+00B4 (decimal 180)
   defining Unicode char U+00B5 (decimal 181)
   defining Unicode char U+00B6 (decimal 182)
   defining Unicode char U+00B7 (decimal 183)
   defining Unicode char U+00B9 (decimal 185)
   defining Unicode char U+00BA (decimal 186)
   defining Unicode char U+00BC (decimal 188)
   defining Unicode char U+00BD (decimal 189)
   defining Unicode char U+00BE (decimal 190)
   defining Unicode char U+00D7 (decimal 215)
   defining Unicode char U+00F7 (decimal 247)
   defining Unicode char U+0192 (decimal 402)
   defining Unicode char U+02C7 (decimal 711)
   defining Unicode char U+02D8 (decimal 728)
   defining Unicode char U+02DD (decimal 733)
   defining Unicode char U+0E3F (decimal 3647)
   defining Unicode char U+2016 (decimal 8214)
   defining Unicode char U+2020 (decimal 8224)
   defining Unicode char U+2021 (decimal 8225)
   defining Unicode char U+2022 (decimal 8226)
   defining Unicode char U+2030 (decimal 8240)
   defining Unicode char U+2031 (decimal 8241)
   defining Unicode char U+203B (decimal 8251)
   defining Unicode char U+203D (decimal 8253)
   defining Unicode char U+2044 (decimal 8260)
   defining Unicode char U+204E (decimal 8270)
   defining Unicode char U+2052 (decimal 8274)
   defining Unicode char U+20A1 (decimal 8353)
   defining Unicode char U+20A4 (decimal 8356)
   defining Unicode char U+20A6 (decimal 8358)
   defining Unicode char U+20A9 (decimal 8361)
   defining Unicode char U+20AB (decimal 8363)
   defining Unicode char U+20AC (decimal 8364)
   defining Unicode char U+20B1 (decimal 8369)
   defining Unicode char U+2103 (decimal 8451)
   defining Unicode char U+2116 (decimal 8470)
   defining Unicode char U+2117 (decimal 8471)
   defining Unicode char U+211E (decimal 8478)
   defining Unicode char U+2120 (decimal 8480)
   defining Unicode char U+2122 (decimal 8482)
   defining Unicode char U+2126 (decimal 8486)
   defining Unicode char U+2127 (decimal 8487)
   defining Unicode char U+212E (decimal 8494)
   defining Unicode char U+2190 (decimal 8592)
   defining Unicode char U+2191 (decimal 8593)
   defining Unicode char U+2192 (decimal 8594)
   defining Unicode char U+2193 (decimal 8595)
   defining Unicode char U+2329 (decimal 9001)
   defining Unicode char U+232A (decimal 9002)
   defining Unicode char U+2422 (decimal 9250)
   defining Unicode char U+25E6 (decimal 9702)
   defining Unicode char U+25EF (decimal 9711)
   defining Unicode char U+266A (decimal 9834)
)
   defining Unicode char U+00A9 (decimal 169)
   defining Unicode char U+00AA (decimal 170)
   defining Unicode char U+00AE (decimal 174)
   defining Unicode char U+00BA (decimal 186)
   defining Unicode char U+02C6 (decimal 710)
   defining Unicode char U+02DC (decimal 732)
   defining Unicode char U+200C (decimal 8204)
   defining Unicode char U+2026 (decimal 8230)
   defining Unicode char U+2122 (decimal 8482)
   defining Unicode char U+2423 (decimal 9251)
))
   defining Unicode char U+394 (decimal 916)
   defining Unicode char U+8710 (decimal 34576)

(/usr/share/texlive/texmf-dist/tex/generic/babel/babel.sty
Package: babel 2016/04/23 3.9r The Babel package

(/usr/share/texlive/texmf-dist/tex/generic/babel-english/english.ldf
Language: english 2012/08/20 v3.3p English support from the babel system

(/usr/share/texlive/texmf-dist/tex/generic/babel/babel.def
File: babel.def 2016/04/23 3.9r Babel common definitions
\babel@savecnt=\count87
\U@D=\dimen105
)
\l@british = a dialect from \language\l@english 
\l@UKenglish = a dialect from \language\l@english 
\l@canadian = a dialect from \language\l@american 
\l@australian = a dialect from \language\l@british 
\l@newzealand = a dialect from \language\l@british 
))
(/usr/share/texlive/texmf-dist/tex/latex/tools/array.sty
Package: array 2016/10/06 v2.4d Tabular extension package (FMi)
\col@sep=\dimen106
\extrarowheight=\dimen107
\NC@list=\toks16
\extratabsurround=\skip45
\backup@length=\skip46
)
(/usr/share/texlive/texmf-dist/tex/latex/tools/tabularx.sty
Package: tabularx 2016/02/03 v2.11 `tabularx' package (DPC)
\TX@col@width=\dimen108
\TX@old@table=\dimen109
\TX@old@col=\dimen110
\TX@target=\dimen111
\TX@delta=\dimen112
\TX@cols=\count88
\TX@ftn=\toks17
)
(/usr/share/texlive/texmf-dist/tex/latex/graphics/graphicx.sty
Package: graphicx 2014/10/28 v1.0g Enhanced LaTeX Graphics (DPC,SPQR)

(/usr/share/texlive/texmf-dist/tex/latex/graphics/keyval.sty
Package: keyval 2014/10/28 v1.15 key=value parser (DPC)
\KV@toks@=\toks18
)
(/usr/share/texlive/texmf-dist/tex/latex/graphics/graphics.sty
Package: graphics 2016/10/09 v1.0u Standard LaTeX Graphics (DPC,SPQR)

(/usr/share/texlive/texmf-dist/tex/latex/graphics/trig.sty
Package: trig 2016/01/03 v1.10 sin cos tan (DPC)
)
(/usr/share/texlive/texmf-dist/tex/latex/graphics-cfg/graphics.cfg
File: graphics.cfg 2016/06/04 v1.11 sample graphics configuration
)
Package graphics Info: Driver file: pdftex.def on input line 99.

(/usr/share/texlive/texmf-dist/tex/latex/graphics-def/pdftex.def
File: pdftex.def 2017/01/12 v0.06k Graphics/color for pdfTeX

(/usr/share/texlive/texmf-dist/tex/generic/oberdiek/infwarerr.sty
Package: infwarerr 2016/05/16 v1.4 Providing info/warning/error messages (HO)
)
(/usr/share/texlive/texmf-dist/tex/generic/oberdiek/ltxcmds.sty
Package: ltxcmds 2016/05/16 v1.23 LaTeX kernel commands for general use (HO)
)
\Gread@gobject=\count89
))
\Gin@req@height=\dimen113
\Gin@req@width=\dimen114
)
(/usr/share/texlive/texmf-dist/tex/latex/graphics/color.sty
Package: color 2016/07/10 v1.1e Standard LaTeX Color (DPC)

(/usr/share/texlive/texmf-dist/tex/latex/graphics-cfg/color.cfg
File: color.cfg 2016/01/02 v1.6 sample color configuration
)
Package color Info: Driver file: pdftex.def on input line 147.
)
(/usr/share/texlive/texmf-dist/tex/latex/amsfonts/amssymb.sty
Package: amssymb 2013/01/14 v3.01 AMS font symbols

(/usr/share/texlive/texmf-dist/tex/latex/amsfonts/amsfonts.sty
Package: amsfonts 2013/01/14 v3.01 Basic AMSFonts support
\@emptytoks=\toks19
\symAMSa=\mathgroup4
\symAMSb=\mathgroup5
LaTeX Font Info:    Overwriting math alphabet `\mathfrak' in version `bold'
(Font)                  U/euf/m/n --> U/euf/b/n on input line 106.
))
(/usr/share/texlive/texmf-dist/tex/latex/amsmath/amsmath.sty
Package: amsmath 2016/11/05 v2.16a AMS math features
\@mathmargin=\skip47

For additional information on amsmath, use the `?' option.
(/usr/share/texlive/texmf-dist/tex/latex/amsmath/amstext.sty
Package: amstext 2000/06/29 v2.01 AMS text

(/usr/share/texlive/texmf-dist/tex/latex/amsmath/amsgen.sty
File: amsgen.sty 1999/11/30 v2.0 generic functions
\@emptytoks=\toks20
\ex@=\dimen115
))
(/usr/share/texlive/texmf-dist/tex/latex/amsmath/amsbsy.sty
Package: amsbsy 1999/11/29 v1.2d Bold Symbols
\pmbraise@=\dimen116
)
(/usr/share/texlive/texmf-dist/tex/latex/amsmath/amsopn.sty
Package: amsopn 2016/03/08 v2.02 operator names
)
\inf@bad=\count90
LaTeX Info: Redefining \frac on input line 213.
\uproot@=\count91
\leftroot@=\count92
LaTeX Info: Redefining \overline on input line 375.
\classnum@=\count93
\DOTSCASE@=\count94
LaTeX Info: Redefining \ldots on input line 472.
LaTeX Info: Redefining \dots on input line 475.
LaTeX Info: Redefining \cdots on input line 596.
\Mathstrutbox@=\box27
\strutbox@=\box28
\big@size=\dimen117
LaTeX Font Info:    Redeclaring font encoding OML on input line 712.
LaTeX Font Info:    Redeclaring font encoding OMS on input line 713.
\macc@depth=\count95
\c@MaxMatrixCols=\count96
\dotsspace@=\muskip10
\c@parentequation=\count97
\dspbrk@lvl=\count98
\tag@help=\toks21
\row@=\count99
\column@=\count100
\maxfields@=\count101
\andhelp@=\toks22
\eqnshift@=\dimen118
\alignsep@=\dimen119
\tagshift@=\dimen120
\tagwidth@=\dimen121
\totwidth@=\dimen122
\lineht@=\dimen123
\@envbody=\toks23
\multlinegap=\skip48
\multlinetaggap=\skip49
\mathdisplay@stack=\toks24
LaTeX Info: Redefining \[ on input line 2817.
LaTeX Info: Redefining \] on input line 2818.
)
(/usr/share/texlive/texmf-dist/tex/latex/amscls/amsthm.sty
Package: amsthm 2015/03/04 v2.20.2
\thm@style=\toks25
\thm@bodyfont=\toks26
\thm@headfont=\toks27
\thm@notefont=\toks28
\thm@headpunct=\toks29
\thm@preskip=\skip50
\thm@postskip=\skip51
\thm@headsep=\skip52
\dth@everypar=\toks30
)
\affilsep=\skip53
\@affilsep=\skip54
\c@Maxaffil=\count102
\c@authors=\count103
\c@affil=\count104

(/usr/share/texlive/texmf-dist/tex/latex/url/url.sty
\Urlmuskip=\muskip11
Package: url 2013/09/16  ver 3.4  Verb mode for urls, etc.
)
(/usr/share/texlive/texmf-dist/tex/latex/bezos/accents.sty
Package: accents 2006/05/12 v1.3 Math Accent Tools
\cc@skew=\dimen124
\cc@wd=\dimen125
\cc@code=\count105
\cc@group=\count106
\cc@skewchar=\count107
)
(/usr/share/texlive/texmf-dist/tex/latex/cancel/cancel.sty
Package: cancel 2013/04/12 v2.2 Cancel math terms
)
(/usr/share/texlive/texmf-dist/tex/latex/multirow/multirow.sty
Package: multirow 2016/11/25 v2.2 Span multiple rows of a table
\multirow@colwidth=\skip55
\multirow@cntb=\count108
\multirow@dima=\skip56
\bigstrutjot=\dimen126
)
(/usr/share/texlive/texmf-dist/tex/latex/supertabular/supertabular.sty
Package: supertabular 2004/02/20 v4.1e the supertabular environment
\c@tracingst=\count109
\ST@wd=\dimen127
\ST@rightskip=\skip57
\ST@leftskip=\skip58
\ST@parfillskip=\skip59
\ST@pageleft=\dimen128
\ST@headht=\dimen129
\ST@tailht=\dimen130
\ST@pagesofar=\dimen131
\ST@pboxht=\dimen132
\ST@lineht=\dimen133
\ST@stretchht=\dimen134
\ST@prevht=\dimen135
\ST@toadd=\dimen136
\ST@dimen=\dimen137
\ST@pbox=\box29
)

Class copernicus Warning: Cannot find algorithmic.sty; proceeding without it.


Class copernicus Warning: Cannot find algorithm.sty; proceeding without it.

(/usr/share/texlive/texmf-dist/tex/latex/caption/caption.sty
Package: caption 2016/02/21 v3.3-144 Customizing captions (AR)

(/usr/share/texlive/texmf-dist/tex/latex/caption/caption3.sty
Package: caption3 2016/05/22 v1.7-166 caption3 kernel (AR)
Package caption3 Info: TeX engine: e-TeX on input line 67.
\captionmargin=\dimen138
\captionmargin@=\dimen139
\captionwidth=\dimen140
\caption@tempdima=\dimen141
\caption@indent=\dimen142
\caption@parindent=\dimen143
\caption@hangindent=\dimen144
Package caption Info: Unknown document class (or package),
(caption)             standard defaults will be used.
)

Package caption Warning: Unsupported document class (or package) detected,
(caption)                usage of the caption package is not recommended.
See the caption package documentation for explanation.

Package caption Info: \@makecaption = \long macro:#1#2->\def \@tempa {figure}\i
fx \@captype \@tempa \if@stage@final \vskip 0.7\abovecaptionskip \else \vskip \
abovecaptionskip \goodbreak \fi \fi {\reset@font \small {\bfseries #1.} #2\par 
}\if@cop@home \ifonline \ifnum \csname c@\@captype \endcsname =1 \immediate \wr
ite \@auxout {\string \gdef \string \@num \@captype {}}\hypertarget {\@captype 
}{}\fi \fi \fi \def \@tempa {table}\ifx \@captype \@tempa \vskip \abovecaptions
kip \if@stage@final \else \goodbreak \fi \fi .
\c@ContinuedFloat=\count110
Package caption Info: supertabular package is loaded.
) (/usr/share/texlive/texmf-dist/tex/latex/subfloat/subfloat.sty
Package: subfloat 2003/08/21 version 2.14

Package `subfloat', Version 2.14 of 2003/08/21.

Package subfloat Warning: Numbers of floats not counted:
(subfloat)                If you use one of the counters subfloatfiguremax or
(subfloat)                subfloattablemax you will get strange error messages
(subfloat)                containing \c@subfloatfiguremax or
(subfloat)                \c@subfloattablemax:
(subfloat)                Please switch on countmax or remove the code using
(subfloat)                the counter then..

) (./natbib.sty
Package: natbib 2006/09/06 7.4a (PWD)
\bibhang=\skip60
\bibsep=\skip61
LaTeX Info: Redefining \cite on input line 541.
\c@NAT@ctr=\count111
) (/usr/share/texlive/texmf-dist/tex/latex/graphics/rotating.sty
Package: rotating 2016/08/11 v2.16d rotated objects in LaTeX
(/usr/share/texlive/texmf-dist/tex/latex/base/ifthen.sty
Package: ifthen 2014/09/29 v1.1c Standard LaTeX ifthen package (DPC)
)
\c@r@tfl@t=\count112
\rotFPtop=\skip62
\rotFPbot=\skip63
\rot@float@box=\box30
\rot@mess@toks=\toks31
)
(/usr/share/texlive/texmf-dist/tex/latex/lineno/lineno.sty
Package: lineno 2005/11/02 line numbers on paragraphs v4.41
\linenopenalty=\count113
\output=\toks32
\linenoprevgraf=\count114
\linenumbersep=\dimen145
\linenumberwidth=\dimen146
\c@linenumber=\count115
\c@pagewiselinenumber=\count116
\c@LN@truepage=\count117
\c@internallinenumber=\count118
\c@internallinenumbers=\count119
\quotelinenumbersep=\dimen147
\bframerule=\dimen148
\bframesep=\dimen149
\bframebox=\box31
LaTeX Info: Redefining \\ on input line 3056.
)
(/usr/share/texlive/texmf-dist/tex/latex/psnfss/times.sty
Package: times 2005/04/12 PSNFSS-v9.2a (SPQR) 
)
\c@mv@sans=\count120
\c@mv@sansbold=\count121
LaTeX Font Info:    Overwriting symbol font `operators' in version `sansbold'
(Font)                  OT1/cmr/m/n --> OT1/cmr/bx/n on input line 1604.
LaTeX Font Info:    Overwriting symbol font `letters' in version `sansbold'
(Font)                  OML/cmm/m/it --> OML/cmm/b/it on input line 1605.
LaTeX Font Info:    Overwriting symbol font `symbols' in version `sansbold'
(Font)                  OMS/cmsy/m/n --> OMS/cmsy/b/n on input line 1606.
LaTeX Font Info:    Overwriting math alphabet `\mathsf' in version `sansbold'
(Font)                  OT1/cmss/m/n --> OT1/cmss/bx/n on input line 1607.
LaTeX Font Info:    Overwriting math alphabet `\mathit' in version `sansbold'
(Font)                  OT1/cmr/m/it --> OT1/cmr/bx/it on input line 1608.

(/usr/share/texlive/texmf-dist/tex/latex/psnfss/pifont.sty
Package: pifont 2005/04/12 PSNFSS-v9.2a Pi font support (SPQR) 
LaTeX Font Info:    Try loading font information for U+pzd on input line 63.

(/usr/share/texlive/texmf-dist/tex/latex/psnfss/upzd.fd
File: upzd.fd 2001/06/04 font definitions for U/pzd.
)
LaTeX Font Info:    Try loading font information for U+psy on input line 64.

(/usr/share/texlive/texmf-dist/tex/latex/psnfss/upsy.fd
File: upsy.fd 2001/06/04 font definitions for U/psy.
))
(/usr/share/texlive/texmf-dist/tex/latex/hyperref/hyperref.sty
Package: hyperref 2016/06/24 v6.83q Hypertext links for LaTeX

(/usr/share/texlive/texmf-dist/tex/generic/oberdiek/hobsub-hyperref.sty
Package: hobsub-hyperref 2016/05/16 v1.14 Bundle oberdiek, subset hyperref (HO)


(/usr/share/texlive/texmf-dist/tex/generic/oberdiek/hobsub-generic.sty
Package: hobsub-generic 2016/05/16 v1.14 Bundle oberdiek, subset generic (HO)
Package: hobsub 2016/05/16 v1.14 Construct package bundles (HO)
Package hobsub Info: Skipping package `infwarerr' (already loaded).
Package hobsub Info: Skipping package `ltxcmds' (already loaded).
Package: ifluatex 2016/05/16 v1.4 Provides the ifluatex switch (HO)
Package ifluatex Info: LuaTeX not detected.
Package: ifvtex 2016/05/16 v1.6 Detect VTeX and its facilities (HO)
Package ifvtex Info: VTeX not detected.
Package: intcalc 2016/05/16 v1.2 Expandable calculations with integers (HO)
Package: ifpdf 2016/05/14 v3.1 Provides the ifpdf switch
Package: etexcmds 2016/05/16 v1.6 Avoid name clashes with e-TeX commands (HO)
Package etexcmds Info: Could not find \expanded.
(etexcmds)             That can mean that you are not using pdfTeX 1.50 or
(etexcmds)             that some package has redefined \expanded.
(etexcmds)             In the latter case, load this package earlier.
Package: kvsetkeys 2016/05/16 v1.17 Key value parser (HO)
Package: kvdefinekeys 2016/05/16 v1.4 Define keys (HO)
Package: pdftexcmds 2016/05/21 v0.22 Utility functions of pdfTeX for LuaTeX (HO
)
Package pdftexcmds Info: LuaTeX not detected.
Package pdftexcmds Info: \pdf@primitive is available.
Package pdftexcmds Info: \pdf@ifprimitive is available.
Package pdftexcmds Info: \pdfdraftmode found.
Package: pdfescape 2016/05/16 v1.14 Implements pdfTeX's escape features (HO)
Package: bigintcalc 2016/05/16 v1.4 Expandable calculations on big integers (HO
)
Package: bitset 2016/05/16 v1.2 Handle bit-vector datatype (HO)
Package: uniquecounter 2016/05/16 v1.3 Provide unlimited unique counter (HO)
)
Package hobsub Info: Skipping package `hobsub' (already loaded).
Package: letltxmacro 2016/05/16 v1.5 Let assignment for LaTeX macros (HO)
Package: hopatch 2016/05/16 v1.3 Wrapper for package hooks (HO)
Package: xcolor-patch 2016/05/16 xcolor patch
Package: atveryend 2016/05/16 v1.9 Hooks at the very end of document (HO)
Package atveryend Info: \enddocument detected (standard20110627).
Package: atbegshi 2016/06/09 v1.18 At begin shipout hook (HO)
Package: refcount 2016/05/16 v3.5 Data extraction from label references (HO)
Package: hycolor 2016/05/16 v1.8 Color options for hyperref/bookmark (HO)
)
(/usr/share/texlive/texmf-dist/tex/generic/ifxetex/ifxetex.sty
Package: ifxetex 2010/09/12 v0.6 Provides ifxetex conditional
)
(/usr/share/texlive/texmf-dist/tex/latex/oberdiek/auxhook.sty
Package: auxhook 2016/05/16 v1.4 Hooks for auxiliary files (HO)
)
(/usr/share/texlive/texmf-dist/tex/latex/oberdiek/kvoptions.sty
Package: kvoptions 2016/05/16 v3.12 Key value format for package options (HO)
)
\@linkdim=\dimen150
\Hy@linkcounter=\count122
\Hy@pagecounter=\count123

(/usr/share/texlive/texmf-dist/tex/latex/hyperref/pd1enc.def
File: pd1enc.def 2016/06/24 v6.83q Hyperref: PDFDocEncoding definition (HO)
Now handling font encoding PD1 ...
... no UTF-8 mapping file for font encoding PD1
)
\Hy@SavedSpaceFactor=\count124

(/usr/share/texlive/texmf-dist/tex/latex/latexconfig/hyperref.cfg
File: hyperref.cfg 2002/06/06 v1.2 hyperref configuration of TeXLive
)
Package hyperref Info: Option `bookmarks' set `false' on input line 4362.
Package hyperref Info: Hyper figures OFF on input line 4486.
Package hyperref Info: Link nesting OFF on input line 4491.
Package hyperref Info: Hyper index ON on input line 4494.
Package hyperref Info: Plain pages OFF on input line 4501.
Package hyperref Info: Backreferencing OFF on input line 4506.
Package hyperref Info: Implicit mode ON; LaTeX internals redefined.
Package hyperref Info: Bookmarks OFF on input line 4741.
\c@Hy@tempcnt=\count125
LaTeX Info: Redefining \url on input line 5088.
\XeTeXLinkMargin=\dimen151
\Fld@menulength=\count126
\Field@Width=\dimen152
\Fld@charsize=\dimen153
Package hyperref Info: Hyper figures OFF on input line 6342.
Package hyperref Info: Link nesting OFF on input line 6347.
Package hyperref Info: Hyper index ON on input line 6350.
Package hyperref Info: backreferencing OFF on input line 6357.
Package hyperref Info: Link coloring OFF on input line 6362.
Package hyperref Info: Link coloring with OCG OFF on input line 6367.
Package hyperref Info: PDF/A mode OFF on input line 6372.
LaTeX Info: Redefining \ref on input line 6412.
LaTeX Info: Redefining \pageref on input line 6416.
\Hy@abspage=\count127
\c@Item=\count128
\c@Hfootnote=\count129
)

Package hyperref Message: Driver (autodetected): hpdftex.

(/usr/share/texlive/texmf-dist/tex/latex/hyperref/hpdftex.def
File: hpdftex.def 2016/06/24 v6.83q Hyperref driver for pdfTeX
\Fld@listcount=\count130
\c@bookmark@seq@number=\count131

(/usr/share/texlive/texmf-dist/tex/latex/oberdiek/rerunfilecheck.sty
Package: rerunfilecheck 2016/05/16 v1.8 Rerun checks for auxiliary files (HO)
Package uniquecounter Info: New unique counter `rerunfilecheck' on input line 2
82.
)
\Hy@SectionHShift=\skip64
)
\c@reaction=\count132
\tabularwidth=\dimen154
Package color Info: Redefining color textcol on input line 2265.
Package color Info: Redefining color bgcol on input line 2265.
Package color Info: Redefining color barcol on input line 2265.
)
LaTeX Info: Redefining \vec on input line 14.

(/usr/share/texlive/texmf-dist/tex/latex/tools/longtable.sty
Package: longtable 2014/10/28 v4.11 Multi-page Table package (DPC)
\LTleft=\skip65
\LTright=\skip66
\LTpre=\skip67
\LTpost=\skip68
\LTchunksize=\count133
\LTcapwidth=\dimen155
\LT@head=\box32
\LT@firsthead=\box33
\LT@foot=\box34
\LT@lastfoot=\box35
\LT@cols=\count134
\LT@rows=\count135
\c@LT@tables=\count136
\c@LT@chunks=\count137
\LT@p@ftn=\toks33
)

LaTeX Warning: Unused global option(s):
    [classical].

(./manuscript_essd.aux)
\openout1 = `manuscript_essd.aux'.

LaTeX Font Info:    Checking defaults for OML/cmm/m/it on input line 79.
LaTeX Font Info:    ... okay on input line 79.
LaTeX Font Info:    Checking defaults for T1/cmr/m/n on input line 79.
LaTeX Font Info:    ... okay on input line 79.
LaTeX Font Info:    Checking defaults for OT1/cmr/m/n on input line 79.
LaTeX Font Info:    ... okay on input line 79.
LaTeX Font Info:    Checking defaults for OMS/cmsy/m/n on input line 79.
LaTeX Font Info:    ... okay on input line 79.
LaTeX Font Info:    Checking defaults for OMX/cmex/m/n on input line 79.
LaTeX Font Info:    ... okay on input line 79.
LaTeX Font Info:    Checking defaults for U/cmr/m/n on input line 79.
LaTeX Font Info:    ... okay on input line 79.
LaTeX Font Info:    Checking defaults for TS1/cmr/m/n on input line 79.
LaTeX Font Info:    Try loading font information for TS1+cmr on input line 79.
 (/usr/share/texlive/texmf-dist/tex/latex/base/ts1cmr.fd
File: ts1cmr.fd 2014/09/29 v2.5h Standard LaTeX font definitions
)
LaTeX Font Info:    ... okay on input line 79.
LaTeX Font Info:    Checking defaults for PD1/pdf/m/n on input line 79.
LaTeX Font Info:    ... okay on input line 79.
LaTeX Font Info:    Try loading font information for T1+ptm on input line 79.
 (/usr/share/texlive/texmf-dist/tex/latex/psnfss/t1ptm.fd
File: t1ptm.fd 2001/06/04 font definitions for T1/ptm.
)
(/usr/share/texlive/texmf-dist/tex/context/base/mkii/supp-pdf.mkii
[Loading MPS to PDF converter (version 2006.09.02).]
\scratchcounter=\count138
\scratchdimen=\dimen156
\scratchbox=\box36
\nofMPsegments=\count139
\nofMParguments=\count140
\everyMPshowfont=\toks34
\MPscratchCnt=\count141
\MPscratchDim=\dimen157
\MPnumerator=\count142
\makeMPintoPDFobject=\count143
\everyMPtoPDFconversion=\toks35
) (/usr/share/texlive/texmf-dist/tex/latex/oberdiek/epstopdf-base.sty
Package: epstopdf-base 2016/05/15 v2.6 Base part for package epstopdf

(/usr/share/texlive/texmf-dist/tex/latex/oberdiek/grfext.sty
Package: grfext 2016/05/16 v1.2 Manage graphics extensions (HO)
)
Package epstopdf-base Info: Redefining graphics rule for `.eps' on input line 4
38.
Package grfext Info: Graphics extension search list:
(grfext)             [.pdf,.png,.jpg,.eps]
(grfext)             \AppendGraphicsExtensions on input line 456.

(/usr/share/texlive/texmf-dist/tex/latex/latexconfig/epstopdf-sys.cfg
File: epstopdf-sys.cfg 2010/07/13 v1.3 Configuration of (r)epstopdf for TeX Liv
e
))
Package caption Info: Begin \AtBeginDocument code.
Package caption Info: hyperref package is loaded.
Package caption Info: longtable package is loaded.

(/usr/share/texlive/texmf-dist/tex/latex/caption/ltcaption.sty
Package: ltcaption 2013/06/09 v1.4-94 longtable captions (AR)
)
Package caption Info: rotating package is loaded.
Package caption Info: End \AtBeginDocument code.
\AtBeginShipoutBox=\box37
Package hyperref Info: Link coloring OFF on input line 79.

(/usr/share/texlive/texmf-dist/tex/latex/hyperref/nameref.sty
Package: nameref 2016/05/21 v2.44 Cross-referencing by name of section

(/usr/share/texlive/texmf-dist/tex/generic/oberdiek/gettitlestring.sty
Package: gettitlestring 2016/05/16 v1.5 Cleanup title references (HO)
)
\c@section@level=\count144
)
LaTeX Info: Redefining \ref on input line 79.
LaTeX Info: Redefining \pageref on input line 79.
LaTeX Info: Redefining \nameref on input line 79.
LaTeX Font Info:    Try loading font information for T1+phv on input line 123.

(/usr/share/texlive/texmf-dist/tex/latex/psnfss/t1phv.fd
File: t1phv.fd 2001/06/04 scalable font definitions for T1/phv.
)
LaTeX Font Info:    Font shape `T1/phv/m/n' will be
(Font)              scaled to size 9.49997pt on input line 123.
LaTeX Font Info:    Font shape `T1/phv/m/n' will be
(Font)              scaled to size 16.41594pt on input line 123.
LaTeX Font Info:    Font shape `T1/phv/bx/n' in size <17.28> not available
(Font)              Font shape `T1/phv/b/n' tried instead on input line 123.
LaTeX Font Info:    Font shape `T1/phv/b/n' will be
(Font)              scaled to size 16.41594pt on input line 123.
LaTeX Font Info:    Try loading font information for U+msa on input line 123.

(/usr/share/texlive/texmf-dist/tex/latex/amsfonts/umsa.fd
File: umsa.fd 2013/01/14 v3.01 AMS symbols A
)
LaTeX Font Info:    Try loading font information for U+msb on input line 123.

(/usr/share/texlive/texmf-dist/tex/latex/amsfonts/umsb.fd
File: umsb.fd 2013/01/14 v3.01 AMS symbols B
)
LaTeX Font Info:    Font shape `T1/ptm/bx/n' in size <10> not available
(Font)              Font shape `T1/ptm/b/n' tried instead on input line 123.
LaTeX Font Info:    Font shape `T1/ptm/bx/n' in size <7> not available
(Font)              Font shape `T1/ptm/b/n' tried instead on input line 123.
LaTeX Font Info:    Font shape `T1/phv/bx/n' in size <10> not available
(Font)              Font shape `T1/phv/b/n' tried instead on input line 123.
LaTeX Font Info:    Font shape `T1/phv/b/n' will be
(Font)              scaled to size 9.49997pt on input line 123.
LaTeX Font Info:    Font shape `T1/phv/m/n' will be
(Font)              scaled to size 8.54997pt on input line 159.
LaTeX Font Info:    Font shape `T1/phv/bx/n' in size <9> not available
(Font)              Font shape `T1/phv/b/n' tried instead on input line 159.
LaTeX Font Info:    Font shape `T1/phv/b/n' will be
(Font)              scaled to size 8.54997pt on input line 159.
LaTeX Font Info:    Font shape `T1/phv/m/n' will be
(Font)              scaled to size 4.74998pt on input line 159.

Underfull \vbox (badness 10000) has occurred while \output is active []


Underfull \hbox (badness 10000) has occurred while \output is active
[]
 []

[1{/var/lib/texmf/fonts/map/pdftex/updmap/pdftex.map}


] [2]
<ecoregion.png, id=198, 284.5029pt x 426.6339pt>
File: ecoregion.png Graphic file (type png)
 <use ecoregion.png>
Package pdftex.def Info: ecoregion.png used on input line 381.
(pdftex.def)             Requested size: 236.15796pt x 354.13858pt.
LaTeX Font Info:    Font shape `T1/ptm/bx/n' in size <9> not available
(Font)              Font shape `T1/ptm/b/n' tried instead on input line 390.


LaTeX Warning: `h' float specifier changed to `ht'.

[3]
Underfull \vbox (badness 2486) has occurred while \output is active []

LaTeX Font Info:    Try loading font information for T1+pcr on input line 437.

(/usr/share/texlive/texmf-dist/tex/latex/psnfss/t1pcr.fd
File: t1pcr.fd 2001/06/04 font definitions for T1/pcr.
) [4 <./ecoregion.png (PNG copy)>] <fig_fcc_highres.png, id=293, 1003.75pt x 10
03.75pt>
File: fig_fcc_highres.png Graphic file (type png)

<use fig_fcc_highres.png>
Package pdftex.def Info: fig_fcc_highres.png used on input line 463.
(pdftex.def)             Requested size: 503.61377pt x 503.6198pt.


LaTeX Warning: `h' float specifier changed to `ht'.


Underfull \vbox (badness 10000) has occurred while \output is active []



LaTeX Warning: `h' float specifier changed to `ht'.


LaTeX Warning: `h' float specifier changed to `ht'.

<dist.png, id=335, 602.25pt x 451.6875pt>
File: dist.png Graphic file (type png)
 <use dist.png>
Package pdftex.def Info: dist.png used on input line 709.
(pdftex.def)             Requested size: 236.15796pt x 177.12231pt.


LaTeX Warning: `h' float specifier changed to `ht'.

[5]
Underfull \vbox (badness 10000) has occurred while \output is active []


Underfull \vbox (badness 10000) has occurred while \output is active []

 [6 <./fig_fcc_highres.png (PNG copy)>]
Underfull \vbox (badness 5533) has occurred while \output is active []


Underfull \vbox (badness 10000) has occurred while \output is active []

 [7 <./dist.png>]
Underfull \vbox (badness 10000) has occurred while \output is active []

 [8]

LaTeX Warning: `h' float specifier changed to `ht'.


Underfull \vbox (badness 10000) has occurred while \output is active []

 [9]
Underfull \hbox (badness 1365) in paragraph at lines 980--989
[]\T1/ptm/m/n/9 Authors thank Jean-Franois Bastin for
 []


Underfull \hbox (badness 2564) in paragraph at lines 980--989
\T1/ptm/m/n/9 study is part of the Cirad's BioScene-Mada project ([]$https : / 
/
 []


Underfull \hbox (badness 3240) in paragraph at lines 980--989
\T1/ptm/m/n/9 project ([]$http : / / forobs . jrc . ec . europa . eu / recaredd
$[]). The BioScene-
 []

(./manuscript_essd.bbl
Underfull \hbox (badness 3000) in paragraph at lines 13--19
[]\T1/ptm/m/n/9 Achard, F., Beuchle, R., Mayaux, P., Stibig, H.-J., Bo-dart,
 []


Underfull \hbox (badness 1565) in paragraph at lines 13--19
\T1/ptm/m/n/9 C., Brink, A., Car-boni, S., De-scle, B., Don-nay, F., Eva,
 []


Underfull \hbox (badness 1231) in paragraph at lines 13--19
\T1/ptm/m/n/9 H. D., Lupi, A., Rai, R., Seliger, R., and Si-mon-etti, D.:
 []


Underfull \hbox (badness 2970) in paragraph at lines 34--41
\T1/ptm/m/n/9 etts, T. H., Fisher, B. L., Harper, G. J., Ir-win, M. E.,
 []


Underfull \hbox (badness 4927) in paragraph at lines 34--41
\T1/ptm/m/n/9 Kre-men, C., La-bat, J.-N., Lees, D. C., Pearce, T. A.,
 []


Underfull \hbox (badness 1831) in paragraph at lines 34--41
\T1/ptm/m/n/9 and Rako-tondrainibe, F.: A method for quan-ti-fy-ing bio-di-
 []


Underfull \hbox (badness 1708) in paragraph at lines 44--47
[]\T1/ptm/m/n/9 Armitage, A. R., High-field, W. E., Brody, S. D., and Lou-
 []


Underfull \hbox (badness 1946) in paragraph at lines 53--62
\T1/ptm/m/n/9 li-cone, D., Moore, R., Pa-tri-arca, C., Pi-card, N., Spar-row,
 []


Underfull \hbox (badness 1755) in paragraph at lines 53--62
\T1/ptm/m/n/9 B., Abra-ham, E. M., Aloui, K., Ate-soglu, A., At-tore, F.,
 []


Underfull \hbox (badness 1062) in paragraph at lines 53--62
\T1/ptm/m/n/9 B., Marchi, G., Pat-ter-son, P., Rezende, M., Ricci, S., Sal-
 []


Underfull \hbox (badness 1783) in paragraph at lines 53--62
\T1/ptm/m/n/9 tro, R.: The ex-tent of for-est in dry-land biomes, Sci-ence,
 []


Underfull \hbox (badness 1178) in paragraph at lines 65--70
[]\T1/ptm/m/n/9 Brinck, K., Fis-cher, R., Groen-eveld, J., Lehmann, S., Dan-tas

 []


Underfull \hbox (badness 2326) in paragraph at lines 73--79
[]\T1/ptm/m/n/9 Broadbent, E. N., As-ner, G. P., Keller, M., Knapp, D. E.,
 []


Underfull \hbox (badness 1442) in paragraph at lines 73--79
\T1/ptm/m/n/9 Oliveira, P. J., and Silva, J. N.: For-est frag-men-ta-tion and
 []


Underfull \hbox (badness 10000) in paragraph at lines 73--79
\T1/ptm/m/n/9 https://doi.org/[]https://doi.org/10.1016/j.biocon.2008.04.024[],

 []


Underfull \hbox (badness 10000) in paragraph at lines 73--79
[]$\T1/ptm/m/n/9 http : / / www . sciencedirect . com / science / article / pii
 /
 []


Underfull \hbox (badness 2134) in paragraph at lines 91--98
[]\T1/ptm/m/n/9 Burns, S. J., God-frey, L. R., Faina, P., McGee, D., Hardt,
 []


Underfull \hbox (badness 10000) in paragraph at lines 91--98
\T1/ptm/m/n/9 B., Ranivo-ha-ri-manana, L., and Ran-dri-anasy, J.: Rapid
 []


Underfull \hbox (badness 10000) in paragraph at lines 91--98
\T1/ptm/m/n/9 human-induced land-scape trans-for-ma-tion in Mada-gas-
 []


Underfull \hbox (badness 6708) in paragraph at lines 91--98
\T1/ptm/m/n/9 car at the end of the first mil-len-nium of the Com-
 []


Underfull \hbox (badness 5592) in paragraph at lines 91--98
\T1/ptm/m/n/9 mon Era, Qua-ter-nary Sci-ence Re-views, 134, 92 -- 99,
 []


Underfull \hbox (badness 10000) in paragraph at lines 91--98
\T1/ptm/m/n/9 https://doi.org/[]10.1016/j.quascirev.2016.01.007[], []$http : / 
/ www .
 []


Underfull \hbox (badness 10000) in paragraph at lines 91--98
\T1/ptm/m/n/9 sciencedirect . com / science / article / pii / S0277379116300099
$[],
 []


Underfull \hbox (badness 1571) in paragraph at lines 104--108
[]\T1/ptm/m/n/9 Cox, M. P., Nel-son, M. G., Tu-mong-gor, M. K., Ri-caut, F.-
 []


Underfull \hbox (badness 4805) in paragraph at lines 104--108
\T1/ptm/m/n/9 X., and Su-doyo, H.: A small co-hort of Is-land South-
 []


Underfull \hbox (badness 5403) in paragraph at lines 104--108
\T1/ptm/m/n/9 east Asian women founded Mada-gas-car, Pro-ceed-ings of
 []


Underfull \hbox (badness 10000) in paragraph at lines 111--116
\T1/ptm/m/n/9 109, 5358--5363, https://doi.org/[]10.1073/pnas.1112487109[],
 []


Underfull \hbox (badness 2922) in paragraph at lines 119--125
\T1/ptm/m/n/9 and Cabeza, M.: Con-trast-ing spa-tial and tem-po-ral trends
 []


Underfull \hbox (badness 10000) in paragraph at lines 119--125
\T1/ptm/m/n/9 of pro-tected area ef-fec-tive-ness in mit-i-gat-ing de-for-esta-

 []


Underfull \hbox (badness 2735) in paragraph at lines 119--125
\T1/ptm/m/n/9 tion in Mada-gas-car, Bi-o-log-i-cal Con-ser-va-tion, 203, 290 --

 []


Underfull \hbox (badness 10000) in paragraph at lines 119--125
\T1/ptm/m/n/9 297, https://doi.org/[]10.1016/j.biocon.2016.09.033[], []$/ / www
 .
 []


Underfull \hbox (badness 10000) in paragraph at lines 119--125
\T1/ptm/m/n/9 sciencedirect . com / science / article / pii / S0006320716305092
$[],
 []


Underfull \vbox (badness 10000) has occurred while \output is active []

 [10]
Underfull \hbox (badness 1715) in paragraph at lines 132--136
\T1/ptm/m/n/9 years af-ter for-est frag-men-ta-tion, Sci-ence, 341, 1508--1510,

 []


Underfull \hbox (badness 1314) in paragraph at lines 152--157
\T1/ptm/m/n/9 hu-mid and dry forests in Mada-gas-car from 2000 to 2010
 []


Underfull \hbox (badness 1460) in paragraph at lines 152--157
\T1/ptm/m/n/9 us-ing multi-date Land-sat satel-lite im-ages and the Ran-dom
 []


Underfull \hbox (badness 1755) in paragraph at lines 160--165
[]\T1/ptm/m/n/9 Grinand, C., Le Maire, G., Vieille-dent, G., Raza-ka-ma-narivo,

 []


Underfull \hbox (badness 1742) in paragraph at lines 160--165
\T1/ptm/m/n/9 H., Razafim-belo, T., and Bernoux, M.: Es-ti-mat-ing tem-po-
 []


Underfull \hbox (badness 1960) in paragraph at lines 160--165
\T1/ptm/m/n/9 ral changes in soil car-bon stocks at ecore-gional scale in
 []


Underfull \hbox (badness 2772) in paragraph at lines 160--165
\T1/ptm/m/n/9 Mada-gas-car us-ing remote-sensing, In-ter-na-tional Jour-nal of
 []


Underfull \hbox (badness 1960) in paragraph at lines 160--165
\T1/ptm/m/n/9 Ap-plied Earth Ob-ser-va-tion and Geoin-for-ma-tion, 54, 1--14,
 []


Underfull \hbox (badness 1478) in paragraph at lines 200--206
[]\T1/ptm/m/n/9 Keenan, R. J., Reams, G. A., Achard, F., de Fre-itas, J. V.,
 []


Underfull \hbox (badness 1681) in paragraph at lines 200--206
\T1/ptm/m/n/9 area: Re-sults from the FAO Global For-est Re-sources As-
 []


Underfull \hbox (badness 7397) in paragraph at lines 200--206
\T1/ptm/m/n/9 20, https://doi.org/[]10.1016/j.foreco.2015.06.014[], []$http : /
 / www .
 []


Underfull \hbox (badness 10000) in paragraph at lines 200--206
\T1/ptm/m/n/9 sciencedirect . com / science / article / pii / S0378112715003400
$[],
 []


Underfull \hbox (badness 10000) in paragraph at lines 209--213
\T1/ptm/m/n/9 A., Chan-nan, S., Feng, M., and Town-shend, J. R.:
 []


Underfull \hbox (badness 10000) in paragraph at lines 209--213
\T1/ptm/m/n/9 Global, Landsat-based forest-cover change from 1990
 []


Underfull \hbox (badness 2189) in paragraph at lines 209--213
\T1/ptm/m/n/9 to 2000, Re-mote Sens-ing of En-vi-ron-ment, 155, 178--193,
 []


Underfull \vbox (badness 10000) has occurred while \output is active []


Underfull \hbox (badness 1281) in paragraph at lines 215--219
\T1/ptm/m/n/9 `truth' and sci-en-tific un-cer-tainty, Geo-Jour-nal, 56, 191--19
9,
 []


Underfull \hbox (badness 5064) in paragraph at lines 230--234
[]\T1/ptm/m/n/9 Ministre de l'Environnement: IEFN: In-ven-taire Ecologique
 []


Underfull \hbox (badness 2809) in paragraph at lines 236--241
[]\T1/ptm/m/n/9 Minten, B., Sander, K., and Stifel, D.: For-est man-age-ment
 []


Underfull \hbox (badness 1817) in paragraph at lines 236--241
\T1/ptm/m/n/9 and eco-nomic rents: Ev-i-dence from the char-coal trade in
 []


Underfull \hbox (badness 1521) in paragraph at lines 236--241
\T1/ptm/m/n/9 Mada-gas-car, En-ergy for Sus-tain-able De-vel-op-ment, 17, 106
 []


Underfull \hbox (badness 2042) in paragraph at lines 236--241
\T1/ptm/m/n/9 -- 115, https://doi.org/[]10.1016/j.esd.2012.08.004[], []$http : 
/ / www .
 []


Underfull \hbox (badness 10000) in paragraph at lines 243--248
\T1/ptm/m/n/9 https://doi.org/[]10.1016/S0169-5347(00)88977-6[], []$http : / / 
www .
 []


Underfull \hbox (badness 10000) in paragraph at lines 243--248
\T1/ptm/m/n/9 sciencedirect . com / science / article / pii / S0169534700889776
$[],
 []


Underfull \hbox (badness 1184) in paragraph at lines 250--252
\T1/ptm/m/n/9 proach, Springer, []$http : / / books . google . fr / books ? id 
= hzANQ6X _
 []


Underfull \hbox (badness 1460) in paragraph at lines 255--260
\T1/ptm/m/n/9 for-est degra-da-tion in sup-port of REDD: a re-view of data
 []


Underfull \hbox (badness 1931) in paragraph at lines 255--260
\T1/ptm/m/n/9 and meth-ods, En-vi-ron-men-tal Re-search Let-ters, 3, 025011,
 []


Underfull \hbox (badness 10000) in paragraph at lines 263--270
[]$\T1/ptm/m/n/9 http : / / www . sciencedirect . com / science / article / pii
 /
 []


Underfull \hbox (badness 4120) in paragraph at lines 273--279
[]\T1/ptm/m/n/9 Olofsson, P., Foody, G. M., Herold, M., Stehman, S. V.,
 []


Underfull \hbox (badness 10000) in paragraph at lines 273--279
\T1/ptm/m/n/9 Wood-cock, C. E., and Wul-der, M. A.: Good prac-
 []


Underfull \hbox (badness 2856) in paragraph at lines 273--279
\T1/ptm/m/n/9 tices for es-ti-mat-ing area and as-sess-ing ac-cu-racy of land
 []


Underfull \hbox (badness 2781) in paragraph at lines 273--279
\T1/ptm/m/n/9 change, Re-mote Sens-ing of En-vi-ron-ment, 148, 42 -- 57,
 []


Underfull \hbox (badness 10000) in paragraph at lines 273--279
\T1/ptm/m/n/9 https://doi.org/[]https://doi.org/10.1016/j.rse.2014.02.015[],
 []


Underfull \hbox (badness 10000) in paragraph at lines 273--279
[]$\T1/ptm/m/n/9 http : / / www . sciencedirect . com / science / article / pii
 /
 []


Underfull \hbox (badness 10000) in paragraph at lines 287--291
[]\T1/ptm/m/n/9 ONE, DGF, MNP, WCS, and Etc Terra: Change-
 []


Underfull \hbox (badness 10000) in paragraph at lines 287--291
\T1/ptm/m/n/9 ment de la cou-ver-ture de forts na-turelles  Mada-
 []


Underfull \hbox (badness 10000) in paragraph at lines 287--291
\T1/ptm/m/n/9 gas-car, 2005-2010-2013, []$https : / / www . pnae . mg /
 []


Underfull \vbox (badness 10000) has occurred while \output is active []

 [11]
Underfull \hbox (badness 10000) in paragraph at lines 299--303
[]\T1/ptm/m/n/9 Pekel, J.-F., Cot-tam, A., Gore-lick, N., and Bel-ward,
 []


Underfull \hbox (badness 7468) in paragraph at lines 299--303
\T1/ptm/m/n/9 A. S.: High-resolution map-ping of global sur-face wa-
 []


Underfull \hbox (badness 10000) in paragraph at lines 299--303
\T1/ptm/m/n/9 ter and its long-term changes, Na-ture, 540, 418--422,
 []


Underfull \hbox (badness 10000) in paragraph at lines 299--303
\T1/ptm/m/n/9 https://doi.org/[]10.1038/nature20584[], []$http : / / dx . doi .
 org / 10 .
 []


Underfull \hbox (badness 1953) in paragraph at lines 314--320
[]\T1/ptm/m/n/9 Potapov, P., Hansen, M. C., Laes-ta-dius, L., Tu-rubanova, S.,
 []


Underfull \hbox (badness 1325) in paragraph at lines 314--320
\T1/ptm/m/n/9 Sci-ence Ad-vances, 3, https://doi.org/[]10.1126/sciadv.1600821[]
,
 []


Underfull \hbox (badness 1122) in paragraph at lines 341--344
[]\T1/ptm/m/n/9 Riitters, K., Wick-ham, J., O'Neill, R., Jones, B., and Smith,
 []


Underfull \hbox (badness 1430) in paragraph at lines 356--360
\T1/ptm/m/n/9 cal Con-se-quences of Ecosys-tem Frag-men-ta-tion: A Re-view,
 []


Underfull \hbox (badness 10000) in paragraph at lines 356--360
\T1/ptm/m/n/9 1739.1991.tb00384.x[], []$http : / / dx . doi . org / 10 . 1111 /
 j . 1523-[]1739 .
 []


Underfull \hbox (badness 10000) in paragraph at lines 362--365
[]\T1/ptm/m/n/9 Scales, I. R.: Farm-ing at the For-est Fron-tier: Land
 []


Underfull \hbox (badness 10000) in paragraph at lines 362--365
\T1/ptm/m/n/9 Use and Land-scape Change in West-ern Mada-gas-car,
 []


Underfull \hbox (badness 10000) in paragraph at lines 362--365
\T1/ptm/m/n/9 1896-2005, En-vi-ron-ment and His-tory, 17, 499--524,
 []


Underfull \hbox (badness 10000) in paragraph at lines 368--371
[]\T1/ptm/m/n/9 Smith, R. J., Muir, R. D. J., Walpole, M. J., Balm-
 []


Underfull \hbox (badness 10000) in paragraph at lines 368--371
\T1/ptm/m/n/9 ford, A., and Leader-Williams, N.: Gov-er-nance
 []


Underfull \hbox (badness 10000) in paragraph at lines 368--371
\T1/ptm/m/n/9 and the loss of bio-di-ver-sity, Na-ture, 426, 67--70,
 []


Underfull \hbox (badness 2717) in paragraph at lines 379--384
[]\T1/ptm/m/n/9 Tropek, R., Sedlek, O., Beck, J., Keil, P., Musilov, Z.,
 []


Underfull \hbox (badness 1596) in paragraph at lines 379--384
\T1/ptm/m/n/9 -mov, I., and Storch, D.: Com-ment on "High-resolution
 []


Underfull \vbox (badness 10000) has occurred while \output is active []


Underfull \hbox (badness 1325) in paragraph at lines 395--400
\T1/ptm/m/n/9 Sci-ence Ad-vances, 3, https://doi.org/[]10.1126/sciadv.1601047[]
,
 []


Underfull \hbox (badness 1102) in paragraph at lines 402--404
[]\T1/ptm/m/n/9 United Na-tions: World Pop-u-la-tion Prospects: The 2015 Re-vi-

 []


Underfull \hbox (badness 10000) in paragraph at lines 407--413
[]\T1/ptm/m/n/9 Verhegghen, A., Eva, H., De-scle, B., and Achard, F.:
 []


Underfull \hbox (badness 10000) in paragraph at lines 407--413
\T1/ptm/m/n/9 Re-view and Com-bi-na-tion of Re-cent Re-mote Sens-
 []


Underfull \hbox (badness 10000) in paragraph at lines 407--413
\T1/ptm/m/n/9 ing Based Prod-ucts for For-est Cover Change As-sess-
 []


Underfull \hbox (badness 7576) in paragraph at lines 407--413
\T1/ptm/m/n/9 ments in Cameroon, In-ter-na-tional Forestry Re-view, 18,
 []


Underfull \hbox (badness 10000) in paragraph at lines 407--413
\T1/ptm/m/n/9 14--25, https://doi.org/[]10.1505/146554816819683807[],
 []


Underfull \hbox (badness 10000) in paragraph at lines 407--413
[]$\T1/ptm/m/n/9 http : / / www . bioone . org / doi / abs / 10 . 1505 / 146554
816819683807$[],
 []


Underfull \hbox (badness 10000) in paragraph at lines 433--436
[]\T1/ptm/m/n/9 Virah-Sawmy, M.: Ecosys-tem man-age-ment in Mada-gas-
 []


Underfull \hbox (badness 3735) in paragraph at lines 433--436
\T1/ptm/m/n/9 car dur-ing global change, Con-ser-va-tion Let-ters, 2, 163--
 []


Underfull \hbox (badness 10000) in paragraph at lines 433--436
\T1/ptm/m/n/9 170, https://doi.org/[]10.1111/j.1755-263X.2009.00066.x[],
 []


Underfull \hbox (badness 1968) in paragraph at lines 440--448
\T1/ptm/m/n/9 O. P., Razanat-soa, J., Ran-dri-at-sara, F. O., Kimeu, J. M.,
 []

) [12]

Class copernicus Warning: No section Introduction; proceeding without it.


Class copernicus Warning: No section Conclusions; proceeding without it.

Package atveryend Info: Empty hook `BeforeClearDocument' on input line 1160.
Package atveryend Info: Empty hook `AfterLastShipout' on input line 1160.
(./manuscript_essd.aux)
Package atveryend Info: Executing hook `AtVeryEndDocument' on input line 1160.
Package atveryend Info: Empty hook `AtEndAfterFileList' on input line 1160.
Package atveryend Info: Empty hook `AtVeryVeryEnd' on input line 1160.
 ) 
Here is how much of TeX's memory you used:
 10449 strings out of 494358
 147053 string characters out of 6164526
 305719 words of memory out of 5000000
 13471 multiletter control sequences out of 15000+600000
 53613 words of font info for 69 fonts, out of 8000000 for 9000
 350 hyphenation exceptions out of 8191
 43i,8n,40p,1962b,556s stack positions out of 5000i,500n,10000p,200000b,80000s
{/usr/share/texlive/texmf-dist/fonts/enc/dvips/base/8r.enc}</usr/share/texliv
e/texmf-dist/fonts/type1/public/amsfonts/cm/cmmi10.pfb></usr/share/texlive/texm
f-dist/fonts/type1/public/amsfonts/cm/cmmi7.pfb></usr/share/texlive/texmf-dist/
fonts/type1/public/amsfonts/cm/cmr10.pfb></usr/share/texlive/texmf-dist/fonts/t
ype1/public/amsfonts/cm/cmr5.pfb></usr/share/texlive/texmf-dist/fonts/type1/pub
lic/amsfonts/cm/cmr7.pfb></usr/share/texlive/texmf-dist/fonts/type1/public/amsf
onts/cm/cmsy10.pfb></usr/share/texlive/texmf-dist/fonts/type1/public/amsfonts/c
m/cmsy7.pfb></usr/share/texlive/texmf-dist/fonts/type1/urw/courier/ucrr8a.pfb><
/usr/share/texlive/texmf-dist/fonts/type1/urw/helvetic/uhvb8a.pfb></usr/share/t
exlive/texmf-dist/fonts/type1/urw/helvetic/uhvr8a.pfb></usr/share/texlive/texmf
-dist/fonts/type1/urw/times/utmb8a.pfb></usr/share/texlive/texmf-dist/fonts/typ
e1/urw/times/utmr8a.pfb></usr/share/texlive/texmf-dist/fonts/type1/urw/times/ut
mri8a.pfb>
Output written on manuscript_essd.pdf (12 pages, 626180 bytes).
PDF statistics:
 751 PDF objects out of 1000 (max. 8388607)
 712 compressed objects within 8 object streams
 103 named destinations out of 1000 (max. 500000)
 16 words of extra memory for PDF output out of 10000 (max. 10000000)

